  공튀기기.cpp
c:\users\administrator\music\desktop\박재현\2017년도 1학기\그래픽스\기말과제\공튀기기 레알\공튀기자\공튀기자\공튀기기.cpp(45): warning C4305: '초기화 중': 'double'에서 'GLfloat'(으)로 잘립니다.
c:\users\administrator\music\desktop\박재현\2017년도 1학기\그래픽스\기말과제\공튀기기 레알\공튀기자\공튀기자\공튀기기.cpp(46): warning C4305: '초기화 중': 'double'에서 'GLfloat'(으)로 잘립니다.
c:\users\administrator\music\desktop\박재현\2017년도 1학기\그래픽스\기말과제\공튀기기 레알\공튀기자\공튀기자\공튀기기.cpp(47): warning C4305: '초기화 중': 'double'에서 'GLfloat'(으)로 잘립니다.
c:\users\administrator\music\desktop\박재현\2017년도 1학기\그래픽스\기말과제\공튀기기 레알\공튀기자\공튀기자\공튀기기.cpp(48): warning C4305: '초기화 중': 'double'에서 'GLfloat'(으)로 잘립니다.
c:\users\administrator\music\desktop\박재현\2017년도 1학기\그래픽스\기말과제\공튀기기 레알\공튀기자\공튀기자\공튀기기.cpp(53): warning C4305: '초기화 중': 'double'에서 'GLfloat'(으)로 잘립니다.
c:\users\administrator\music\desktop\박재현\2017년도 1학기\그래픽스\기말과제\공튀기기 레알\공튀기자\공튀기자\공튀기기.cpp(54): warning C4305: '초기화 중': 'double'에서 'GLfloat'(으)로 잘립니다.
c:\users\administrator\music\desktop\박재현\2017년도 1학기\그래픽스\기말과제\공튀기기 레알\공튀기자\공튀기자\공튀기기.cpp(55): warning C4305: '초기화 중': 'double'에서 'GLfloat'(으)로 잘립니다.
c:\users\administrator\music\desktop\박재현\2017년도 1학기\그래픽스\기말과제\공튀기기 레알\공튀기자\공튀기자\공튀기기.cpp(56): warning C4305: '초기화 중': 'double'에서 'GLfloat'(으)로 잘립니다.
c:\users\administrator\music\desktop\박재현\2017년도 1학기\그래픽스\기말과제\공튀기기 레알\공튀기자\공튀기자\공튀기기.cpp(58): warning C4305: '초기화 중': 'double'에서 'GLfloat'(으)로 잘립니다.
c:\users\administrator\music\desktop\박재현\2017년도 1학기\그래픽스\기말과제\공튀기기 레알\공튀기자\공튀기자\공튀기기.cpp(64): warning C4305: '초기화 중': 'double'에서 'GLfloat'(으)로 잘립니다.
c:\users\administrator\music\desktop\박재현\2017년도 1학기\그래픽스\기말과제\공튀기기 레알\공튀기자\공튀기자\공튀기기.cpp(65): warning C4305: '초기화 중': 'double'에서 'GLfloat'(으)로 잘립니다.
c:\users\administrator\music\desktop\박재현\2017년도 1학기\그래픽스\기말과제\공튀기기 레알\공튀기자\공튀기자\공튀기기.cpp(66): warning C4305: '초기화 중': 'double'에서 'GLfloat'(으)로 잘립니다.
c:\users\administrator\music\desktop\박재현\2017년도 1학기\그래픽스\기말과제\공튀기기 레알\공튀기자\공튀기자\공튀기기.cpp(68): warning C4305: '초기화 중': 'double'에서 'GLfloat'(으)로 잘립니다.
c:\users\administrator\music\desktop\박재현\2017년도 1학기\그래픽스\기말과제\공튀기기 레알\공튀기자\공튀기자\공튀기기.cpp(86): warning C4838: 'double'에서 'GLfloat'(으)로의 변환에는 축소 변환이 필요합니다.
c:\users\administrator\music\desktop\박재현\2017년도 1학기\그래픽스\기말과제\공튀기기 레알\공튀기자\공튀기자\공튀기기.cpp(86): warning C4305: '초기화 중': 'double'에서 'GLfloat'(으)로 잘립니다.
c:\users\administrator\music\desktop\박재현\2017년도 1학기\그래픽스\기말과제\공튀기기 레알\공튀기자\공튀기자\공튀기기.cpp(87): warning C4838: 'double'에서 'GLfloat'(으)로의 변환에는 축소 변환이 필요합니다.
c:\users\administrator\music\desktop\박재현\2017년도 1학기\그래픽스\기말과제\공튀기기 레알\공튀기자\공튀기자\공튀기기.cpp(87): warning C4305: '초기화 중': 'double'에서 'GLfloat'(으)로 잘립니다.
c:\users\administrator\music\desktop\박재현\2017년도 1학기\그래픽스\기말과제\공튀기기 레알\공튀기자\공튀기자\공튀기기.cpp(89): warning C4838: 'double'에서 'GLfloat'(으)로의 변환에는 축소 변환이 필요합니다.
c:\users\administrator\music\desktop\박재현\2017년도 1학기\그래픽스\기말과제\공튀기기 레알\공튀기자\공튀기자\공튀기기.cpp(89): warning C4305: '초기화 중': 'double'에서 'GLfloat'(으)로 잘립니다.
c:\users\administrator\music\desktop\박재현\2017년도 1학기\그래픽스\기말과제\공튀기기 레알\공튀기자\공튀기자\공튀기기.cpp(149): warning C4305: '=': 'double'에서 'GLfloat'(으)로 잘립니다.
c:\users\administrator\music\desktop\박재현\2017년도 1학기\그래픽스\기말과제\공튀기기 레알\공튀기자\공튀기자\공튀기기.cpp(150): warning C4305: '=': 'double'에서 'GLfloat'(으)로 잘립니다.
c:\users\administrator\music\desktop\박재현\2017년도 1학기\그래픽스\기말과제\공튀기기 레알\공튀기자\공튀기자\공튀기기.cpp(156): warning C4305: '=': 'double'에서 'GLfloat'(으)로 잘립니다.
c:\users\administrator\music\desktop\박재현\2017년도 1학기\그래픽스\기말과제\공튀기기 레알\공튀기자\공튀기자\공튀기기.cpp(268): warning C4305: '인수': 'double'에서 'GLfloat'(으)로 잘립니다.
c:\users\administrator\music\desktop\박재현\2017년도 1학기\그래픽스\기말과제\공튀기기 레알\공튀기자\공튀기자\공튀기기.cpp(270): warning C4305: '인수': 'double'에서 'GLfloat'(으)로 잘립니다.
c:\users\administrator\music\desktop\박재현\2017년도 1학기\그래픽스\기말과제\공튀기기 레알\공튀기자\공튀기자\공튀기기.cpp(271): warning C4305: '인수': 'double'에서 'GLfloat'(으)로 잘립니다.
c:\users\administrator\music\desktop\박재현\2017년도 1학기\그래픽스\기말과제\공튀기기 레알\공튀기자\공튀기자\공튀기기.cpp(272): warning C4305: '인수': 'double'에서 'GLfloat'(으)로 잘립니다.
c:\users\administrator\music\desktop\박재현\2017년도 1학기\그래픽스\기말과제\공튀기기 레알\공튀기자\공튀기자\공튀기기.cpp(273): warning C4305: '인수': 'double'에서 'GLfloat'(으)로 잘립니다.
c:\users\administrator\music\desktop\박재현\2017년도 1학기\그래픽스\기말과제\공튀기기 레알\공튀기자\공튀기자\공튀기기.cpp(282): warning C4305: '인수': 'double'에서 'GLfloat'(으)로 잘립니다.
c:\users\administrator\music\desktop\박재현\2017년도 1학기\그래픽스\기말과제\공튀기기 레알\공튀기자\공튀기자\공튀기기.cpp(283): warning C4305: '인수': 'double'에서 'GLfloat'(으)로 잘립니다.
c:\users\administrator\music\desktop\박재현\2017년도 1학기\그래픽스\기말과제\공튀기기 레알\공튀기자\공튀기자\공튀기기.cpp(284): warning C4305: '인수': 'double'에서 'GLfloat'(으)로 잘립니다.
c:\users\administrator\music\desktop\박재현\2017년도 1학기\그래픽스\기말과제\공튀기기 레알\공튀기자\공튀기자\공튀기기.cpp(285): warning C4305: '인수': 'double'에서 'GLfloat'(으)로 잘립니다.
c:\users\administrator\music\desktop\박재현\2017년도 1학기\그래픽스\기말과제\공튀기기 레알\공튀기자\공튀기자\공튀기기.cpp(293): warning C4305: '인수': 'double'에서 'GLfloat'(으)로 잘립니다.
c:\users\administrator\music\desktop\박재현\2017년도 1학기\그래픽스\기말과제\공튀기기 레알\공튀기자\공튀기자\공튀기기.cpp(294): warning C4305: '인수': 'double'에서 'GLfloat'(으)로 잘립니다.
c:\users\administrator\music\desktop\박재현\2017년도 1학기\그래픽스\기말과제\공튀기기 레알\공튀기자\공튀기자\공튀기기.cpp(295): warning C4305: '인수': 'double'에서 'GLfloat'(으)로 잘립니다.
c:\users\administrator\music\desktop\박재현\2017년도 1학기\그래픽스\기말과제\공튀기기 레알\공튀기자\공튀기자\공튀기기.cpp(296): warning C4305: '인수': 'double'에서 'GLfloat'(으)로 잘립니다.
c:\users\administrator\music\desktop\박재현\2017년도 1학기\그래픽스\기말과제\공튀기기 레알\공튀기자\공튀기자\공튀기기.cpp(304): warning C4305: '인수': 'double'에서 'GLfloat'(으)로 잘립니다.
c:\users\administrator\music\desktop\박재현\2017년도 1학기\그래픽스\기말과제\공튀기기 레알\공튀기자\공튀기자\공튀기기.cpp(305): warning C4305: '인수': 'double'에서 'GLfloat'(으)로 잘립니다.
c:\users\administrator\music\desktop\박재현\2017년도 1학기\그래픽스\기말과제\공튀기기 레알\공튀기자\공튀기자\공튀기기.cpp(306): warning C4305: '인수': 'double'에서 'GLfloat'(으)로 잘립니다.
c:\users\administrator\music\desktop\박재현\2017년도 1학기\그래픽스\기말과제\공튀기기 레알\공튀기자\공튀기자\공튀기기.cpp(307): warning C4305: '인수': 'double'에서 'GLfloat'(으)로 잘립니다.
c:\users\administrator\music\desktop\박재현\2017년도 1학기\그래픽스\기말과제\공튀기기 레알\공튀기자\공튀기자\공튀기기.cpp(349): warning C4305: '인수': 'double'에서 'GLfloat'(으)로 잘립니다.
c:\users\administrator\music\desktop\박재현\2017년도 1학기\그래픽스\기말과제\공튀기기 레알\공튀기자\공튀기자\공튀기기.cpp(350): warning C4305: '인수': 'double'에서 'GLfloat'(으)로 잘립니다.
c:\users\administrator\music\desktop\박재현\2017년도 1학기\그래픽스\기말과제\공튀기기 레알\공튀기자\공튀기자\공튀기기.cpp(351): warning C4305: '인수': 'double'에서 'GLfloat'(으)로 잘립니다.
c:\users\administrator\music\desktop\박재현\2017년도 1학기\그래픽스\기말과제\공튀기기 레알\공튀기자\공튀기자\공튀기기.cpp(352): warning C4305: '인수': 'double'에서 'GLfloat'(으)로 잘립니다.
c:\users\administrator\music\desktop\박재현\2017년도 1학기\그래픽스\기말과제\공튀기기 레알\공튀기자\공튀기자\공튀기기.cpp(359): warning C4305: '인수': 'double'에서 'GLfloat'(으)로 잘립니다.
c:\users\administrator\music\desktop\박재현\2017년도 1학기\그래픽스\기말과제\공튀기기 레알\공튀기자\공튀기자\공튀기기.cpp(361): warning C4305: '인수': 'double'에서 'GLfloat'(으)로 잘립니다.
c:\users\administrator\music\desktop\박재현\2017년도 1학기\그래픽스\기말과제\공튀기기 레알\공튀기자\공튀기자\공튀기기.cpp(362): warning C4305: '인수': 'double'에서 'GLfloat'(으)로 잘립니다.
c:\users\administrator\music\desktop\박재현\2017년도 1학기\그래픽스\기말과제\공튀기기 레알\공튀기자\공튀기자\공튀기기.cpp(363): warning C4305: '인수': 'double'에서 'GLfloat'(으)로 잘립니다.
c:\users\administrator\music\desktop\박재현\2017년도 1학기\그래픽스\기말과제\공튀기기 레알\공튀기자\공튀기자\공튀기기.cpp(364): warning C4305: '인수': 'double'에서 'GLfloat'(으)로 잘립니다.
c:\users\administrator\music\desktop\박재현\2017년도 1학기\그래픽스\기말과제\공튀기기 레알\공튀기자\공튀기자\공튀기기.cpp(373): warning C4305: '인수': 'double'에서 'GLfloat'(으)로 잘립니다.
c:\users\administrator\music\desktop\박재현\2017년도 1학기\그래픽스\기말과제\공튀기기 레알\공튀기자\공튀기자\공튀기기.cpp(374): warning C4305: '인수': 'double'에서 'GLfloat'(으)로 잘립니다.
c:\users\administrator\music\desktop\박재현\2017년도 1학기\그래픽스\기말과제\공튀기기 레알\공튀기자\공튀기자\공튀기기.cpp(375): warning C4305: '인수': 'double'에서 'GLfloat'(으)로 잘립니다.
c:\users\administrator\music\desktop\박재현\2017년도 1학기\그래픽스\기말과제\공튀기기 레알\공튀기자\공튀기자\공튀기기.cpp(388): warning C4305: '인수': 'double'에서 'GLfloat'(으)로 잘립니다.
c:\users\administrator\music\desktop\박재현\2017년도 1학기\그래픽스\기말과제\공튀기기 레알\공튀기자\공튀기자\공튀기기.cpp(389): warning C4305: '인수': 'double'에서 'GLfloat'(으)로 잘립니다.
c:\users\administrator\music\desktop\박재현\2017년도 1학기\그래픽스\기말과제\공튀기기 레알\공튀기자\공튀기자\공튀기기.cpp(390): warning C4305: '인수': 'double'에서 'GLfloat'(으)로 잘립니다.
c:\users\administrator\music\desktop\박재현\2017년도 1학기\그래픽스\기말과제\공튀기기 레알\공튀기자\공튀기자\공튀기기.cpp(391): warning C4305: '인수': 'double'에서 'GLfloat'(으)로 잘립니다.
c:\users\administrator\music\desktop\박재현\2017년도 1학기\그래픽스\기말과제\공튀기기 레알\공튀기자\공튀기자\공튀기기.cpp(414): warning C4305: '인수': 'double'에서 'GLfloat'(으)로 잘립니다.
c:\users\administrator\music\desktop\박재현\2017년도 1학기\그래픽스\기말과제\공튀기기 레알\공튀기자\공튀기자\공튀기기.cpp(416): warning C4305: '인수': 'double'에서 'GLfloat'(으)로 잘립니다.
c:\users\administrator\music\desktop\박재현\2017년도 1학기\그래픽스\기말과제\공튀기기 레알\공튀기자\공튀기자\공튀기기.cpp(417): warning C4305: '인수': 'double'에서 'GLfloat'(으)로 잘립니다.
c:\users\administrator\music\desktop\박재현\2017년도 1학기\그래픽스\기말과제\공튀기기 레알\공튀기자\공튀기자\공튀기기.cpp(418): warning C4305: '인수': 'double'에서 'GLfloat'(으)로 잘립니다.
c:\users\administrator\music\desktop\박재현\2017년도 1학기\그래픽스\기말과제\공튀기기 레알\공튀기자\공튀기자\공튀기기.cpp(419): warning C4305: '인수': 'double'에서 'GLfloat'(으)로 잘립니다.
c:\users\administrator\music\desktop\박재현\2017년도 1학기\그래픽스\기말과제\공튀기기 레알\공튀기자\공튀기자\공튀기기.cpp(425): warning C4305: '인수': 'double'에서 'GLfloat'(으)로 잘립니다.
c:\users\administrator\music\desktop\박재현\2017년도 1학기\그래픽스\기말과제\공튀기기 레알\공튀기자\공튀기자\공튀기기.cpp(427): warning C4305: '인수': 'double'에서 'GLfloat'(으)로 잘립니다.
c:\users\administrator\music\desktop\박재현\2017년도 1학기\그래픽스\기말과제\공튀기기 레알\공튀기자\공튀기자\공튀기기.cpp(428): warning C4305: '인수': 'double'에서 'GLfloat'(으)로 잘립니다.
c:\users\administrator\music\desktop\박재현\2017년도 1학기\그래픽스\기말과제\공튀기기 레알\공튀기자\공튀기자\공튀기기.cpp(429): warning C4305: '인수': 'double'에서 'GLfloat'(으)로 잘립니다.
c:\users\administrator\music\desktop\박재현\2017년도 1학기\그래픽스\기말과제\공튀기기 레알\공튀기자\공튀기자\공튀기기.cpp(430): warning C4305: '인수': 'double'에서 'GLfloat'(으)로 잘립니다.
c:\users\administrator\music\desktop\박재현\2017년도 1학기\그래픽스\기말과제\공튀기기 레알\공튀기자\공튀기자\공튀기기.cpp(438): warning C4305: '인수': 'double'에서 'GLfloat'(으)로 잘립니다.
c:\users\administrator\music\desktop\박재현\2017년도 1학기\그래픽스\기말과제\공튀기기 레알\공튀기자\공튀기자\공튀기기.cpp(439): warning C4305: '인수': 'double'에서 'GLfloat'(으)로 잘립니다.
c:\users\administrator\music\desktop\박재현\2017년도 1학기\그래픽스\기말과제\공튀기기 레알\공튀기자\공튀기자\공튀기기.cpp(440): warning C4305: '인수': 'double'에서 'GLfloat'(으)로 잘립니다.
c:\users\administrator\music\desktop\박재현\2017년도 1학기\그래픽스\기말과제\공튀기기 레알\공튀기자\공튀기자\공튀기기.cpp(454): warning C4305: '인수': 'double'에서 'GLfloat'(으)로 잘립니다.
c:\users\administrator\music\desktop\박재현\2017년도 1학기\그래픽스\기말과제\공튀기기 레알\공튀기자\공튀기자\공튀기기.cpp(455): warning C4305: '인수': 'double'에서 'GLfloat'(으)로 잘립니다.
c:\users\administrator\music\desktop\박재현\2017년도 1학기\그래픽스\기말과제\공튀기기 레알\공튀기자\공튀기자\공튀기기.cpp(456): warning C4305: '인수': 'double'에서 'GLfloat'(으)로 잘립니다.
c:\users\administrator\music\desktop\박재현\2017년도 1학기\그래픽스\기말과제\공튀기기 레알\공튀기자\공튀기자\공튀기기.cpp(457): warning C4305: '인수': 'double'에서 'GLfloat'(으)로 잘립니다.
c:\users\administrator\music\desktop\박재현\2017년도 1학기\그래픽스\기말과제\공튀기기 레알\공튀기자\공튀기자\공튀기기.cpp(471): warning C4305: '인수': 'double'에서 'GLfloat'(으)로 잘립니다.
c:\users\administrator\music\desktop\박재현\2017년도 1학기\그래픽스\기말과제\공튀기기 레알\공튀기자\공튀기자\공튀기기.cpp(472): warning C4305: '인수': 'double'에서 'GLfloat'(으)로 잘립니다.
c:\users\administrator\music\desktop\박재현\2017년도 1학기\그래픽스\기말과제\공튀기기 레알\공튀기자\공튀기자\공튀기기.cpp(473): warning C4305: '인수': 'double'에서 'GLfloat'(으)로 잘립니다.
c:\users\administrator\music\desktop\박재현\2017년도 1학기\그래픽스\기말과제\공튀기기 레알\공튀기자\공튀기자\공튀기기.cpp(474): warning C4305: '인수': 'double'에서 'GLfloat'(으)로 잘립니다.
c:\users\administrator\music\desktop\박재현\2017년도 1학기\그래픽스\기말과제\공튀기기 레알\공튀기자\공튀기자\공튀기기.cpp(481): warning C4305: '인수': 'double'에서 'GLfloat'(으)로 잘립니다.
c:\users\administrator\music\desktop\박재현\2017년도 1학기\그래픽스\기말과제\공튀기기 레알\공튀기자\공튀기자\공튀기기.cpp(483): warning C4305: '인수': 'double'에서 'GLfloat'(으)로 잘립니다.
c:\users\administrator\music\desktop\박재현\2017년도 1학기\그래픽스\기말과제\공튀기기 레알\공튀기자\공튀기자\공튀기기.cpp(484): warning C4305: '인수': 'double'에서 'GLfloat'(으)로 잘립니다.
c:\users\administrator\music\desktop\박재현\2017년도 1학기\그래픽스\기말과제\공튀기기 레알\공튀기자\공튀기자\공튀기기.cpp(485): warning C4305: '인수': 'double'에서 'GLfloat'(으)로 잘립니다.
c:\users\administrator\music\desktop\박재현\2017년도 1학기\그래픽스\기말과제\공튀기기 레알\공튀기자\공튀기자\공튀기기.cpp(486): warning C4305: '인수': 'double'에서 'GLfloat'(으)로 잘립니다.
c:\users\administrator\music\desktop\박재현\2017년도 1학기\그래픽스\기말과제\공튀기기 레알\공튀기자\공튀기자\공튀기기.cpp(495): warning C4305: '인수': 'double'에서 'GLfloat'(으)로 잘립니다.
c:\users\administrator\music\desktop\박재현\2017년도 1학기\그래픽스\기말과제\공튀기기 레알\공튀기자\공튀기자\공튀기기.cpp(496): warning C4305: '인수': 'double'에서 'GLfloat'(으)로 잘립니다.
c:\users\administrator\music\desktop\박재현\2017년도 1학기\그래픽스\기말과제\공튀기기 레알\공튀기자\공튀기자\공튀기기.cpp(497): warning C4305: '인수': 'double'에서 'GLfloat'(으)로 잘립니다.
c:\users\administrator\music\desktop\박재현\2017년도 1학기\그래픽스\기말과제\공튀기기 레알\공튀기자\공튀기자\공튀기기.cpp(532): warning C4305: '인수': 'double'에서 'GLfloat'(으)로 잘립니다.
c:\users\administrator\music\desktop\박재현\2017년도 1학기\그래픽스\기말과제\공튀기기 레알\공튀기자\공튀기자\공튀기기.cpp(534): warning C4305: '인수': 'double'에서 'GLfloat'(으)로 잘립니다.
c:\users\administrator\music\desktop\박재현\2017년도 1학기\그래픽스\기말과제\공튀기기 레알\공튀기자\공튀기자\공튀기기.cpp(535): warning C4305: '인수': 'double'에서 'GLfloat'(으)로 잘립니다.
c:\users\administrator\music\desktop\박재현\2017년도 1학기\그래픽스\기말과제\공튀기기 레알\공튀기자\공튀기자\공튀기기.cpp(536): warning C4305: '인수': 'double'에서 'GLfloat'(으)로 잘립니다.
c:\users\administrator\music\desktop\박재현\2017년도 1학기\그래픽스\기말과제\공튀기기 레알\공튀기자\공튀기자\공튀기기.cpp(537): warning C4305: '인수': 'double'에서 'GLfloat'(으)로 잘립니다.
c:\users\administrator\music\desktop\박재현\2017년도 1학기\그래픽스\기말과제\공튀기기 레알\공튀기자\공튀기자\공튀기기.cpp(545): warning C4305: '인수': 'double'에서 'GLfloat'(으)로 잘립니다.
c:\users\administrator\music\desktop\박재현\2017년도 1학기\그래픽스\기말과제\공튀기기 레알\공튀기자\공튀기자\공튀기기.cpp(546): warning C4305: '인수': 'double'에서 'GLfloat'(으)로 잘립니다.
c:\users\administrator\music\desktop\박재현\2017년도 1학기\그래픽스\기말과제\공튀기기 레알\공튀기자\공튀기자\공튀기기.cpp(547): warning C4305: '인수': 'double'에서 'GLfloat'(으)로 잘립니다.
c:\users\administrator\music\desktop\박재현\2017년도 1학기\그래픽스\기말과제\공튀기기 레알\공튀기자\공튀기자\공튀기기.cpp(548): warning C4305: '인수': 'double'에서 'GLfloat'(으)로 잘립니다.
c:\users\administrator\music\desktop\박재현\2017년도 1학기\그래픽스\기말과제\공튀기기 레알\공튀기자\공튀기자\공튀기기.cpp(556): warning C4305: '인수': 'double'에서 'GLfloat'(으)로 잘립니다.
c:\users\administrator\music\desktop\박재현\2017년도 1학기\그래픽스\기말과제\공튀기기 레알\공튀기자\공튀기자\공튀기기.cpp(557): warning C4305: '인수': 'double'에서 'GLfloat'(으)로 잘립니다.
c:\users\administrator\music\desktop\박재현\2017년도 1학기\그래픽스\기말과제\공튀기기 레알\공튀기자\공튀기자\공튀기기.cpp(558): warning C4305: '인수': 'double'에서 'GLfloat'(으)로 잘립니다.
c:\users\administrator\music\desktop\박재현\2017년도 1학기\그래픽스\기말과제\공튀기기 레알\공튀기자\공튀기자\공튀기기.cpp(559): warning C4305: '인수': 'double'에서 'GLfloat'(으)로 잘립니다.
c:\users\administrator\music\desktop\박재현\2017년도 1학기\그래픽스\기말과제\공튀기기 레알\공튀기자\공튀기자\공튀기기.cpp(568): warning C4305: '인수': 'double'에서 'GLfloat'(으)로 잘립니다.
c:\users\administrator\music\desktop\박재현\2017년도 1학기\그래픽스\기말과제\공튀기기 레알\공튀기자\공튀기자\공튀기기.cpp(569): warning C4305: '인수': 'double'에서 'GLfloat'(으)로 잘립니다.
c:\users\administrator\music\desktop\박재현\2017년도 1학기\그래픽스\기말과제\공튀기기 레알\공튀기자\공튀기자\공튀기기.cpp(570): warning C4305: '인수': 'double'에서 'GLfloat'(으)로 잘립니다.
c:\users\administrator\music\desktop\박재현\2017년도 1학기\그래픽스\기말과제\공튀기기 레알\공튀기자\공튀기자\공튀기기.cpp(571): warning C4305: '인수': 'double'에서 'GLfloat'(으)로 잘립니다.
c:\users\administrator\music\desktop\박재현\2017년도 1학기\그래픽스\기말과제\공튀기기 레알\공튀기자\공튀기자\공튀기기.cpp(579): warning C4305: '인수': 'double'에서 'GLfloat'(으)로 잘립니다.
c:\users\administrator\music\desktop\박재현\2017년도 1학기\그래픽스\기말과제\공튀기기 레알\공튀기자\공튀기자\공튀기기.cpp(580): warning C4305: '인수': 'double'에서 'GLfloat'(으)로 잘립니다.
c:\users\administrator\music\desktop\박재현\2017년도 1학기\그래픽스\기말과제\공튀기기 레알\공튀기자\공튀기자\공튀기기.cpp(581): warning C4305: '인수': 'double'에서 'GLfloat'(으)로 잘립니다.
c:\users\administrator\music\desktop\박재현\2017년도 1학기\그래픽스\기말과제\공튀기기 레알\공튀기자\공튀기자\공튀기기.cpp(582): warning C4305: '인수': 'double'에서 'GLfloat'(으)로 잘립니다.
c:\users\administrator\music\desktop\박재현\2017년도 1학기\그래픽스\기말과제\공튀기기 레알\공튀기자\공튀기자\공튀기기.cpp(590): warning C4305: '인수': 'double'에서 'GLfloat'(으)로 잘립니다.
c:\users\administrator\music\desktop\박재현\2017년도 1학기\그래픽스\기말과제\공튀기기 레알\공튀기자\공튀기자\공튀기기.cpp(591): warning C4305: '인수': 'double'에서 'GLfloat'(으)로 잘립니다.
c:\users\administrator\music\desktop\박재현\2017년도 1학기\그래픽스\기말과제\공튀기기 레알\공튀기자\공튀기자\공튀기기.cpp(592): warning C4305: '인수': 'double'에서 'GLfloat'(으)로 잘립니다.
c:\users\administrator\music\desktop\박재현\2017년도 1학기\그래픽스\기말과제\공튀기기 레알\공튀기자\공튀기자\공튀기기.cpp(593): warning C4305: '인수': 'double'에서 'GLfloat'(으)로 잘립니다.
c:\users\administrator\music\desktop\박재현\2017년도 1학기\그래픽스\기말과제\공튀기기 레알\공튀기자\공튀기자\공튀기기.cpp(602): warning C4305: '인수': 'double'에서 'GLfloat'(으)로 잘립니다.
c:\users\administrator\music\desktop\박재현\2017년도 1학기\그래픽스\기말과제\공튀기기 레알\공튀기자\공튀기자\공튀기기.cpp(603): warning C4305: '인수': 'double'에서 'GLfloat'(으)로 잘립니다.
c:\users\administrator\music\desktop\박재현\2017년도 1학기\그래픽스\기말과제\공튀기기 레알\공튀기자\공튀기자\공튀기기.cpp(604): warning C4305: '인수': 'double'에서 'GLfloat'(으)로 잘립니다.
c:\users\administrator\music\desktop\박재현\2017년도 1학기\그래픽스\기말과제\공튀기기 레알\공튀기자\공튀기자\공튀기기.cpp(605): warning C4305: '인수': 'double'에서 'GLfloat'(으)로 잘립니다.
c:\users\administrator\music\desktop\박재현\2017년도 1학기\그래픽스\기말과제\공튀기기 레알\공튀기자\공튀기자\공튀기기.cpp(613): warning C4305: '인수': 'double'에서 'GLfloat'(으)로 잘립니다.
c:\users\administrator\music\desktop\박재현\2017년도 1학기\그래픽스\기말과제\공튀기기 레알\공튀기자\공튀기자\공튀기기.cpp(614): warning C4305: '인수': 'double'에서 'GLfloat'(으)로 잘립니다.
c:\users\administrator\music\desktop\박재현\2017년도 1학기\그래픽스\기말과제\공튀기기 레알\공튀기자\공튀기자\공튀기기.cpp(798): warning C4305: '인수': 'double'에서 'GLfloat'(으)로 잘립니다.
c:\users\administrator\music\desktop\박재현\2017년도 1학기\그래픽스\기말과제\공튀기기 레알\공튀기자\공튀기자\공튀기기.cpp(799): warning C4305: '인수': 'double'에서 'GLfloat'(으)로 잘립니다.
c:\users\administrator\music\desktop\박재현\2017년도 1학기\그래픽스\기말과제\공튀기기 레알\공튀기자\공튀기자\공튀기기.cpp(800): warning C4305: '인수': 'double'에서 'GLfloat'(으)로 잘립니다.
c:\users\administrator\music\desktop\박재현\2017년도 1학기\그래픽스\기말과제\공튀기기 레알\공튀기자\공튀기자\공튀기기.cpp(801): warning C4305: '인수': 'double'에서 'GLfloat'(으)로 잘립니다.
c:\users\administrator\music\desktop\박재현\2017년도 1학기\그래픽스\기말과제\공튀기기 레알\공튀기자\공튀기자\공튀기기.cpp(811): warning C4305: '인수': 'double'에서 'GLfloat'(으)로 잘립니다.
c:\users\administrator\music\desktop\박재현\2017년도 1학기\그래픽스\기말과제\공튀기기 레알\공튀기자\공튀기자\공튀기기.cpp(812): warning C4305: '인수': 'double'에서 'GLfloat'(으)로 잘립니다.
c:\users\administrator\music\desktop\박재현\2017년도 1학기\그래픽스\기말과제\공튀기기 레알\공튀기자\공튀기자\공튀기기.cpp(813): warning C4305: '인수': 'double'에서 'GLfloat'(으)로 잘립니다.
c:\users\administrator\music\desktop\박재현\2017년도 1학기\그래픽스\기말과제\공튀기기 레알\공튀기자\공튀기자\공튀기기.cpp(814): warning C4305: '인수': 'double'에서 'GLfloat'(으)로 잘립니다.
c:\users\administrator\music\desktop\박재현\2017년도 1학기\그래픽스\기말과제\공튀기기 레알\공튀기자\공튀기자\공튀기기.cpp(824): warning C4305: '인수': 'double'에서 'GLfloat'(으)로 잘립니다.
c:\users\administrator\music\desktop\박재현\2017년도 1학기\그래픽스\기말과제\공튀기기 레알\공튀기자\공튀기자\공튀기기.cpp(825): warning C4305: '인수': 'double'에서 'GLfloat'(으)로 잘립니다.
c:\users\administrator\music\desktop\박재현\2017년도 1학기\그래픽스\기말과제\공튀기기 레알\공튀기자\공튀기자\공튀기기.cpp(826): warning C4305: '인수': 'double'에서 'GLfloat'(으)로 잘립니다.
c:\users\administrator\music\desktop\박재현\2017년도 1학기\그래픽스\기말과제\공튀기기 레알\공튀기자\공튀기자\공튀기기.cpp(827): warning C4305: '인수': 'double'에서 'GLfloat'(으)로 잘립니다.
c:\users\administrator\music\desktop\박재현\2017년도 1학기\그래픽스\기말과제\공튀기기 레알\공튀기자\공튀기자\공튀기기.cpp(837): warning C4305: '인수': 'double'에서 'GLfloat'(으)로 잘립니다.
c:\users\administrator\music\desktop\박재현\2017년도 1학기\그래픽스\기말과제\공튀기기 레알\공튀기자\공튀기자\공튀기기.cpp(838): warning C4305: '인수': 'double'에서 'GLfloat'(으)로 잘립니다.
c:\users\administrator\music\desktop\박재현\2017년도 1학기\그래픽스\기말과제\공튀기기 레알\공튀기자\공튀기자\공튀기기.cpp(839): warning C4305: '인수': 'double'에서 'GLfloat'(으)로 잘립니다.
c:\users\administrator\music\desktop\박재현\2017년도 1학기\그래픽스\기말과제\공튀기기 레알\공튀기자\공튀기자\공튀기기.cpp(840): warning C4305: '인수': 'double'에서 'GLfloat'(으)로 잘립니다.
c:\users\administrator\music\desktop\박재현\2017년도 1학기\그래픽스\기말과제\공튀기기 레알\공튀기자\공튀기자\공튀기기.cpp(850): warning C4305: '인수': 'double'에서 'GLfloat'(으)로 잘립니다.
c:\users\administrator\music\desktop\박재현\2017년도 1학기\그래픽스\기말과제\공튀기기 레알\공튀기자\공튀기자\공튀기기.cpp(851): warning C4305: '인수': 'double'에서 'GLfloat'(으)로 잘립니다.
c:\users\administrator\music\desktop\박재현\2017년도 1학기\그래픽스\기말과제\공튀기기 레알\공튀기자\공튀기자\공튀기기.cpp(852): warning C4305: '인수': 'double'에서 'GLfloat'(으)로 잘립니다.
c:\users\administrator\music\desktop\박재현\2017년도 1학기\그래픽스\기말과제\공튀기기 레알\공튀기자\공튀기자\공튀기기.cpp(853): warning C4305: '인수': 'double'에서 'GLfloat'(으)로 잘립니다.
c:\users\administrator\music\desktop\박재현\2017년도 1학기\그래픽스\기말과제\공튀기기 레알\공튀기자\공튀기자\공튀기기.cpp(863): warning C4305: '인수': 'double'에서 'GLfloat'(으)로 잘립니다.
c:\users\administrator\music\desktop\박재현\2017년도 1학기\그래픽스\기말과제\공튀기기 레알\공튀기자\공튀기자\공튀기기.cpp(864): warning C4305: '인수': 'double'에서 'GLfloat'(으)로 잘립니다.
c:\users\administrator\music\desktop\박재현\2017년도 1학기\그래픽스\기말과제\공튀기기 레알\공튀기자\공튀기자\공튀기기.cpp(865): warning C4305: '인수': 'double'에서 'GLfloat'(으)로 잘립니다.
c:\users\administrator\music\desktop\박재현\2017년도 1학기\그래픽스\기말과제\공튀기기 레알\공튀기자\공튀기자\공튀기기.cpp(866): warning C4305: '인수': 'double'에서 'GLfloat'(으)로 잘립니다.
c:\users\administrator\music\desktop\박재현\2017년도 1학기\그래픽스\기말과제\공튀기기 레알\공튀기자\공튀기자\공튀기기.cpp(878): warning C4305: '인수': 'double'에서 'GLfloat'(으)로 잘립니다.
c:\users\administrator\music\desktop\박재현\2017년도 1학기\그래픽스\기말과제\공튀기기 레알\공튀기자\공튀기자\공튀기기.cpp(879): warning C4305: '인수': 'double'에서 'GLfloat'(으)로 잘립니다.
c:\users\administrator\music\desktop\박재현\2017년도 1학기\그래픽스\기말과제\공튀기기 레알\공튀기자\공튀기자\공튀기기.cpp(880): warning C4305: '인수': 'double'에서 'GLfloat'(으)로 잘립니다.
c:\users\administrator\music\desktop\박재현\2017년도 1학기\그래픽스\기말과제\공튀기기 레알\공튀기자\공튀기자\공튀기기.cpp(881): warning C4305: '인수': 'double'에서 'GLfloat'(으)로 잘립니다.
c:\users\administrator\music\desktop\박재현\2017년도 1학기\그래픽스\기말과제\공튀기기 레알\공튀기자\공튀기자\공튀기기.cpp(894): warning C4305: '=': 'double'에서 'GLfloat'(으)로 잘립니다.
c:\users\administrator\music\desktop\박재현\2017년도 1학기\그래픽스\기말과제\공튀기기 레알\공튀기자\공튀기자\공튀기기.cpp(1110): warning C4305: '=': 'double'에서 'GLfloat'(으)로 잘립니다.
c:\users\administrator\music\desktop\박재현\2017년도 1학기\그래픽스\기말과제\공튀기기 레알\공튀기자\공튀기자\공튀기기.cpp(1179): warning C4305: '=': 'double'에서 'GLfloat'(으)로 잘립니다.
c:\users\administrator\music\desktop\박재현\2017년도 1학기\그래픽스\기말과제\공튀기기 레알\공튀기자\공튀기자\공튀기기.cpp(1199): warning C4305: '=': 'double'에서 'GLfloat'(으)로 잘립니다.
c:\users\administrator\music\desktop\박재현\2017년도 1학기\그래픽스\기말과제\공튀기기 레알\공튀기자\공튀기자\공튀기기.cpp(1211): warning C4305: '=': 'double'에서 'GLfloat'(으)로 잘립니다.
c:\users\administrator\music\desktop\박재현\2017년도 1학기\그래픽스\기말과제\공튀기기 레알\공튀기자\공튀기자\공튀기기.cpp(1214): warning C4305: '=': 'double'에서 'GLfloat'(으)로 잘립니다.
  공튀기자.vcxproj -> C:\Users\Administrator\Music\Desktop\박재현\2017년도 1학기\그래픽스\기말과제\공튀기기 레알\공튀기자\Debug\공튀기자.exe
  공튀기자.vcxproj -> C:\Users\Administrator\Music\Desktop\박재현\2017년도 1학기\그래픽스\기말과제\공튀기기 레알\공튀기자\Debug\공튀기자.pdb (Full PDB)
